[ERROR]Check ClientMainChannel 2023/03/24 09:13:55
[NOTICE]CLIENT WRITED CONNEXION 2023/03/24 09:14:28
[NOTICE]CLIENT WRITED PICKCHAR 2023/03/24 09:14:35
[NOTICE]CLIENT WRITED Naz 2023/03/24 09:14:35
[NOTICE]SERVER WRITEDjdr2dcore.Map@1c6bd9fb 2023/03/24 09:14:35
[NOTICE]SERVER WRITED[jdr2dcore.PNJ@3c859ba, jdr2dcore.PNJ@1fc98596, jdr2dcore.PNJ@4a8ed843, jdr2dcore.PNJ@7b6be295, jdr2dcore.PNJ@3056f941, jdr2dcore.PNJ@4c19e9c5, jdr2dcore.PNJ@f255454, jdr2dcore.PNJ@274c65f8, jdr2dcore.PNJ@3f9a7e4d, jdr2dcore.PNJ@660f7de1, jdr2dcore.PNJ@731d0e6d] 2023/03/24 09:14:35
[NOTICE]SERVER WRITED[jdr2dcore.Echange@42c53335] 2023/03/24 09:14:35
[NOTICE]SERVER WRITED[jdr2dcore.Coffre@2375cb30, jdr2dcore.Coffre@8a8f97b, jdr2dcore.Coffre@59ff4cf1, jdr2dcore.Coffre@798e4512, jdr2dcore.Coffre@fcdca95, jdr2dcore.Coffre@12c4c374, jdr2dcore.Coffre@14b438a4, jdr2dcore.Coffre@7f3f5dc5, jdr2dcore.Coffre@5f5c08ff, jdr2dcore.Coffre@715589e1, jdr2dcore.Coffre@337d24f6, jdr2dcore.Coffre@4702863] 2023/03/24 09:14:35
[NOTICE]SERVER WRITED[jdr2dcore.Porte@4588f3f6] 2023/03/24 09:14:35
[NOTICE]IAPROTOCOLSERVER WRITEDPNJATK 2023/03/24 09:14:38
[NOTICE]IAPROTOCOLSERVER WRITEDPNJATK 2023/03/24 09:14:40
[NOTICE]IAPROTOCOLSERVER WRITEDPNJATK 2023/03/24 09:14:42
[NOTICE]IAPROTOCOLSERVER WRITEDPNJATK 2023/03/24 09:14:44
[NOTICE]IAPROTOCOLSERVER WRITEDPNJATK 2023/03/24 09:14:46
[NOTICE]IAPROTOCOLSERVER WRITED36 2023/03/24 09:14:46
[NOTICE]IAPROTOCOLSERVER WRITEDloup 2023/03/24 09:14:46
[NOTICE]IAPROTOCOLSERVER WRITEDfalse 2023/03/24 09:14:46
[NOTICE]IAPROTOCOLSERVER WRITED0 2023/03/24 09:14:46
[NOTICE]CLIENT WRITED MOUVSOUTH 2023/03/24 09:14:58
[NOTICE]CLIENT WRITED MOUVSOUTH 2023/03/24 09:14:58
[NOTICE]CLIENT WRITED MOUVSOUTH 2023/03/24 09:14:58
[NOTICE]CLIENT WRITED MOUVEAST 2023/03/24 09:14:58
[NOTICE]CLIENT WRITED MOUVEAST 2023/03/24 09:14:59
[NOTICE]CLIENT WRITED MOUVEAST 2023/03/24 09:14:59
[NOTICE]CLIENT WRITED MOUVEAST 2023/03/24 09:14:59
[NOTICE]CLIENT WRITED MOUVEAST 2023/03/24 09:14:59
[NOTICE]CLIENT WRITED MOUVEAST 2023/03/24 09:14:59
[NOTICE]CLIENT WRITED MOUVEAST 2023/03/24 09:14:59
[NOTICE]CLIENT WRITED MOUVEAST 2023/03/24 09:14:59
[NOTICE]CLIENT WRITED MOUVEAST 2023/03/24 09:15:00
[NOTICE]CLIENT WRITED MOUVEAST 2023/03/24 09:15:00
[NOTICE]CLIENT WRITED MOUVEAST 2023/03/24 09:15:00
[NOTICE]CLIENT WRITED MOUVEAST 2023/03/24 09:15:00
[NOTICE]CLIENT WRITED MOUVEAST 2023/03/24 09:15:00
[NOTICE]CLIENT WRITED MOUVEAST 2023/03/24 09:15:00
[NOTICE]CLIENT WRITED MOUVEAST 2023/03/24 09:15:00
[NOTICE]CLIENT WRITED MOUVEAST 2023/03/24 09:15:00
[NOTICE]CLIENT WRITED MOUVEAST 2023/03/24 09:15:01
[NOTICE]CLIENT WRITED MOUVEAST 2023/03/24 09:15:01
[NOTICE]CLIENT WRITED MOUVEAST 2023/03/24 09:15:01
[NOTICE]CLIENT WRITED MOUVEAST 2023/03/24 09:15:01
[NOTICE]CLIENT WRITED MOUVEAST 2023/03/24 09:15:01
[NOTICE]CLIENT WRITED MOUVEAST 2023/03/24 09:15:01
[NOTICE]CLIENT WRITED MOUVEAST 2023/03/24 09:15:01
[NOTICE]CLIENT WRITED MOUVEAST 2023/03/24 09:15:02
[NOTICE]CLIENT WRITED MOUVEAST 2023/03/24 09:15:02
[NOTICE]CLIENT WRITED MOUVEAST 2023/03/24 09:15:02
[NOTICE]CLIENT WRITED MOUVEAST 2023/03/24 09:15:02
[NOTICE]CLIENT WRITED MOUVEAST 2023/03/24 09:15:02
[NOTICE]CLIENT WRITED MOUVEAST 2023/03/24 09:15:02
[NOTICE]CLIENT WRITED MOUVEAST 2023/03/24 09:15:02
[NOTICE]CLIENT WRITED MOUVSOUTH 2023/03/24 09:15:02
[NOTICE]CLIENT WRITED MOUVSOUTH 2023/03/24 09:15:03
[NOTICE]CLIENT WRITED MOUVSOUTH 2023/03/24 09:15:03
[NOTICE]CLIENT WRITED MOUVSOUTH 2023/03/24 09:15:03
[NOTICE]CLIENT WRITED MOUVSOUTH 2023/03/24 09:15:03
[NOTICE]CLIENT WRITED MOUVSOUTH 2023/03/24 09:15:03
[NOTICE]CLIENT WRITED MOUVSOUTH 2023/03/24 09:15:03
[NOTICE]CLIENT WRITED MOUVEAST 2023/03/24 09:15:04
[NOTICE]CLIENT WRITED MOUVEAST 2023/03/24 09:15:04
[NOTICE]CLIENT WRITED MOUVEAST 2023/03/24 09:15:04
[NOTICE]CLIENT WRITED MOUVSOUTH 2023/03/24 09:15:05
[NOTICE]CLIENT WRITED MOUVSOUTH 2023/03/24 09:15:05
[NOTICE]CLIENT WRITED MOUVSOUTH 2023/03/24 09:15:05
[NOTICE]CLIENT WRITED MOUVSOUTH 2023/03/24 09:15:05
[NOTICE]CLIENT WRITED MOUVSOUTH 2023/03/24 09:15:05
[NOTICE]CLIENT WRITED MOUVSOUTH 2023/03/24 09:15:06
[NOTICE]CLIENT WRITED MOUVSOUTH 2023/03/24 09:15:06
[NOTICE]CLIENT WRITED MOUVSOUTH 2023/03/24 09:15:06
[NOTICE]CLIENT WRITED MOUVSOUTH 2023/03/24 09:15:06
[NOTICE]CLIENT WRITED MOUVSOUTH 2023/03/24 09:15:06
[NOTICE]CLIENT WRITED MOUVSOUTH 2023/03/24 09:15:06
[NOTICE]CLIENT WRITED MOUVSOUTH 2023/03/24 09:15:06
[NOTICE]CLIENT WRITED MOUVSOUTH 2023/03/24 09:15:06
[NOTICE]CLIENT WRITED MOUVSOUTH 2023/03/24 09:15:07
[NOTICE]CLIENT WRITED MOUVSOUTH 2023/03/24 09:15:07
[NOTICE]CLIENT WRITED MOUVSOUTH 2023/03/24 09:15:07
[NOTICE]CLIENT WRITED MOUVSOUTH 2023/03/24 09:15:07
[NOTICE]CLIENT WRITED MOUVSOUTH 2023/03/24 09:15:07
[NOTICE]CLIENT WRITED MOUVSOUTH 2023/03/24 09:15:07
[NOTICE]CLIENT WRITED MOUVSOUTH 2023/03/24 09:15:07
[NOTICE]CLIENT WRITED MOUVWEST 2023/03/24 09:15:07
[NOTICE]CLIENT WRITED MOUVSOUTH 2023/03/24 09:15:08
[NOTICE]CLIENT WRITED MOUVSOUTH 2023/03/24 09:15:08
[NOTICE]CLIENT WRITED MOUVSOUTH 2023/03/24 09:15:08
[NOTICE]CLIENT WRITED MOUVSOUTH 2023/03/24 09:15:08
[NOTICE]CLIENT WRITED MOUVSOUTH 2023/03/24 09:15:09
[NOTICE]CLIENT WRITED MOUVSOUTH 2023/03/24 09:15:09
[NOTICE]CLIENT WRITED MOUVSOUTH 2023/03/24 09:15:09
[NOTICE]CLIENT WRITED MOUVSOUTH 2023/03/24 09:15:09
[NOTICE]CLIENT WRITED MOUVSOUTH 2023/03/24 09:15:09
[NOTICE]CLIENT WRITED MOUVSOUTH 2023/03/24 09:15:09
[NOTICE]CLIENT WRITED MOUVSOUTH 2023/03/24 09:15:09
[NOTICE]CLIENT WRITED MOUVSOUTH 2023/03/24 09:15:09
[NOTICE]CLIENT WRITED MOUVSOUTH 2023/03/24 09:15:10
[NOTICE]CLIENT WRITED MOUVSOUTH 2023/03/24 09:15:10
[NOTICE]CLIENT WRITED MOUVSOUTH 2023/03/24 09:15:10
[NOTICE]CLIENT WRITED MOUVSOUTH 2023/03/24 09:15:10
[NOTICE]CLIENT WRITED MOUVSOUTH 2023/03/24 09:15:10
[NOTICE]CLIENT WRITED MOUVSOUTH 2023/03/24 09:15:10
[NOTICE]CLIENT WRITED MOUVSOUTH 2023/03/24 09:15:10
[NOTICE]CLIENT WRITED MOUVSOUTH 2023/03/24 09:15:10
[NOTICE]CLIENT WRITED MOUVSOUTH 2023/03/24 09:15:10
[NOTICE]CLIENT WRITED DOOR 2023/03/24 09:15:11
[NOTICE]CLIENT WRITED 3 2023/03/24 09:15:11
[NOTICE]SERVER WRITEDjdr2dcore.Map@78950b4a 2023/03/24 09:15:11
[NOTICE]SERVER WRITED[jdr2dcore.PNJ@21f77e7a] 2023/03/24 09:15:11
[NOTICE]SERVER WRITED[] 2023/03/24 09:15:11
[NOTICE]SERVER WRITED[jdr2dcore.Coffre@60d92e65, jdr2dcore.Coffre@7248e51, jdr2dcore.Coffre@522b7f97, jdr2dcore.Coffre@9a05dae, jdr2dcore.Coffre@20e63019, jdr2dcore.Coffre@32939395, jdr2dcore.Coffre@678829f8, jdr2dcore.Coffre@36b06858, jdr2dcore.Coffre@4b7c3115, jdr2dcore.Coffre@3fd91919] 2023/03/24 09:15:11
[NOTICE]SERVER WRITED[jdr2dcore.Porte@5e88eb9b, jdr2dcore.Porte@64e6a485] 2023/03/24 09:15:11
[NOTICE]CLIENT WRITED MOUVEAST 2023/03/24 09:23:06
[NOTICE]CLIENT WRITED MOUVEAST 2023/03/24 09:23:06
[NOTICE]CLIENT WRITED MOUVEAST 2023/03/24 09:23:06
[NOTICE]CLIENT WRITED MOUVNORD 2023/03/24 09:23:06
[NOTICE]CLIENT WRITED MOUVNORD 2023/03/24 09:23:06
[NOTICE]CLIENT WRITED MOUVNORD 2023/03/24 09:23:07
[NOTICE]CLIENT WRITED MOUVNORD 2023/03/24 09:23:07
[NOTICE]CLIENT WRITED MOUVNORD 2023/03/24 09:23:07
[NOTICE]CLIENT WRITED MOUVEAST 2023/03/24 09:23:07
[NOTICE]CLIENT WRITED MOUVEAST 2023/03/24 09:23:07
[NOTICE]CLIENT WRITED MOUVEAST 2023/03/24 09:23:07
[NOTICE]CLIENT WRITED MOUVEAST 2023/03/24 09:23:08
[NOTICE]CLIENT WRITED MOUVNORD 2023/03/24 09:23:08
[NOTICE]CLIENT WRITED MOUVNORD 2023/03/24 09:23:08
[NOTICE]CLIENT WRITED MOUVNORD 2023/03/24 09:23:08
[NOTICE]CLIENT WRITED MOUVNORD 2023/03/24 09:23:09
[NOTICE]CLIENT WRITED MOUVNORD 2023/03/24 09:23:09
[NOTICE]CLIENT WRITED MOUVEAST 2023/03/24 09:23:09
[NOTICE]CLIENT WRITED MOUVEAST 2023/03/24 09:23:09
[NOTICE]CLIENT WRITED MOUVEAST 2023/03/24 09:23:09
[NOTICE]CLIENT WRITED MOUVNORD 2023/03/24 09:23:09
[NOTICE]CLIENT WRITED MOUVNORD 2023/03/24 09:23:10
[NOTICE]CLIENT WRITED MOUVNORD 2023/03/24 09:23:10
[NOTICE]CLIENT WRITED MOUVNORD 2023/03/24 09:23:10
[NOTICE]CLIENT WRITED MOUVNORD 2023/03/24 09:23:10
[NOTICE]CLIENT WRITED MOUVNORD 2023/03/24 09:23:10
[NOTICE]CLIENT WRITED MOUVNORD 2023/03/24 09:23:11
[NOTICE]CLIENT WRITED MOUVNORD 2023/03/24 09:23:11
[NOTICE]CLIENT WRITED MOUVNORD 2023/03/24 09:23:11
[NOTICE]CLIENT WRITED MOUVNORD 2023/03/24 09:23:11
[NOTICE]CLIENT WRITED MOUVEAST 2023/03/24 09:23:11
[NOTICE]CLIENT WRITED MOUVEAST 2023/03/24 09:23:11
[NOTICE]CLIENT WRITED MOUVEAST 2023/03/24 09:23:12
[NOTICE]CLIENT WRITED MOUVEAST 2023/03/24 09:23:12
[NOTICE]CLIENT WRITED MOUVEAST 2023/03/24 09:23:12
[NOTICE]CLIENT WRITED MOUVEAST 2023/03/24 09:23:12
[NOTICE]CLIENT WRITED MOUVEAST 2023/03/24 09:23:13
[NOTICE]CLIENT WRITED MOUVEAST 2023/03/24 09:23:13
[NOTICE]CLIENT WRITED MOUVEAST 2023/03/24 09:23:13
[NOTICE]CLIENT WRITED MOUVEAST 2023/03/24 09:23:13
[NOTICE]CLIENT WRITED MOUVEAST 2023/03/24 09:23:13
[NOTICE]CLIENT WRITED MOUVEAST 2023/03/24 09:23:13
[NOTICE]CLIENT WRITED MOUVEAST 2023/03/24 09:23:14
[NOTICE]CLIENT WRITED MOUVEAST 2023/03/24 09:23:14
[NOTICE]CLIENT WRITED MOUVEAST 2023/03/24 09:23:14
[NOTICE]CLIENT WRITED MOUVEAST 2023/03/24 09:23:14
[NOTICE]CLIENT WRITED MOUVEAST 2023/03/24 09:23:14
[NOTICE]CLIENT WRITED MOUVEAST 2023/03/24 09:23:14
[NOTICE]CLIENT WRITED MOUVEAST 2023/03/24 09:23:14
[NOTICE]CLIENT WRITED MOUVEAST 2023/03/24 09:23:14
[NOTICE]CLIENT WRITED MOUVEAST 2023/03/24 09:23:14
[NOTICE]CLIENT WRITED MOUVNORD 2023/03/24 09:23:15
[NOTICE]CLIENT WRITED MOUVNORD 2023/03/24 09:23:15
[NOTICE]CLIENT WRITED MOUVNORD 2023/03/24 09:23:15
[NOTICE]CLIENT WRITED MOUVNORD 2023/03/24 09:23:15
[NOTICE]CLIENT WRITED MOUVNORD 2023/03/24 09:23:15
[NOTICE]CLIENT WRITED MOUVNORD 2023/03/24 09:23:16
[NOTICE]CLIENT WRITED MOUVNORD 2023/03/24 09:23:16
[NOTICE]CLIENT WRITED MOUVNORD 2023/03/24 09:23:16
[NOTICE]CLIENT WRITED MOUVNORD 2023/03/24 09:23:16
[NOTICE]CLIENT WRITED MOUVNORD 2023/03/24 09:23:16
[NOTICE]CLIENT WRITED MOUVNORD 2023/03/24 09:23:16
[NOTICE]CLIENT WRITED MOUVNORD 2023/03/24 09:23:16
[NOTICE]CLIENT WRITED MOUVNORD 2023/03/24 09:23:16
[NOTICE]CLIENT WRITED MOUVNORD 2023/03/24 09:23:17
[NOTICE]CLIENT WRITED MOUVNORD 2023/03/24 09:23:17
[NOTICE]CLIENT WRITED MOUVNORD 2023/03/24 09:23:17
[NOTICE]CLIENT WRITED MOUVNORD 2023/03/24 09:23:17
[NOTICE]CLIENT WRITED MOUVNORD 2023/03/24 09:23:17
[NOTICE]CLIENT WRITED MOUVEAST 2023/03/24 09:23:17
[NOTICE]CLIENT WRITED MOUVEAST 2023/03/24 09:23:17
[NOTICE]CLIENT WRITED MOUVSOUTH 2023/03/24 09:23:18
[NOTICE]CLIENT WRITED MOUVEAST 2023/03/24 09:23:18
[NOTICE]CLIENT WRITED MOUVEAST 2023/03/24 09:23:18
[NOTICE]CLIENT WRITED MOUVEAST 2023/03/24 09:23:18
[NOTICE]CLIENT WRITED FIGTH 2023/03/24 09:23:19
[NOTICE]CLIENT WRITED 37 2023/03/24 09:23:19
[ERROR]Check ClientMainChannel 2023/03/24 09:34:30
[NOTICE]CLIENT WRITED CONNEXION 2023/03/24 09:34:35
[NOTICE]CLIENT WRITED PICKCHAR 2023/03/24 09:34:42
[NOTICE]CLIENT WRITED Naz 2023/03/24 09:34:42
[NOTICE]SERVER WRITEDjdr2dcore.Map@6a16fb24 2023/03/24 09:34:42
[NOTICE]SERVER WRITED[jdr2dcore.PNJ@1928d470, jdr2dcore.PNJ@c3cf912, jdr2dcore.PNJ@63237e72, jdr2dcore.PNJ@12342ac5, jdr2dcore.PNJ@130e566d, jdr2dcore.PNJ@11f271d9, jdr2dcore.PNJ@7c67fbf6, jdr2dcore.PNJ@6cb67466, jdr2dcore.PNJ@4b46fe33, jdr2dcore.PNJ@23d4a0ce, jdr2dcore.PNJ@1835aa80] 2023/03/24 09:34:42
[NOTICE]SERVER WRITED[jdr2dcore.Echange@316c36d8] 2023/03/24 09:34:42
[NOTICE]SERVER WRITED[jdr2dcore.Coffre@3f69eb46, jdr2dcore.Coffre@e46fc9e, jdr2dcore.Coffre@82568f5, jdr2dcore.Coffre@1c58ed1f, jdr2dcore.Coffre@54c61e10, jdr2dcore.Coffre@abdbeb5, jdr2dcore.Coffre@705fa712, jdr2dcore.Coffre@1c977b06, jdr2dcore.Coffre@75abf15d, jdr2dcore.Coffre@77ed95fa, jdr2dcore.Coffre@4869a4e3, jdr2dcore.Coffre@4facba30] 2023/03/24 09:34:42
[NOTICE]SERVER WRITED[jdr2dcore.Porte@3ca3a37] 2023/03/24 09:34:42
[NOTICE]CLIENT WRITED MOUVEAST 2023/03/24 09:34:54
[NOTICE]CLIENT WRITED MOUVEAST 2023/03/24 09:34:54
[NOTICE]CLIENT WRITED MOUVEAST 2023/03/24 09:34:54
[NOTICE]CLIENT WRITED MOUVEAST 2023/03/24 09:34:54
[NOTICE]CLIENT WRITED MOUVEAST 2023/03/24 09:34:55
[NOTICE]CLIENT WRITED MOUVEAST 2023/03/24 09:34:55
[NOTICE]CLIENT WRITED MOUVEAST 2023/03/24 09:34:55
[NOTICE]CLIENT WRITED MOUVEAST 2023/03/24 09:34:55
[NOTICE]CLIENT WRITED MOUVEAST 2023/03/24 09:34:55
[NOTICE]CLIENT WRITED MOUVEAST 2023/03/24 09:34:55
[NOTICE]CLIENT WRITED MOUVEAST 2023/03/24 09:34:55
[NOTICE]CLIENT WRITED MOUVEAST 2023/03/24 09:34:55
[NOTICE]CLIENT WRITED MOUVEAST 2023/03/24 09:34:55
[NOTICE]CLIENT WRITED MOUVEAST 2023/03/24 09:34:56
[NOTICE]CLIENT WRITED MOUVEAST 2023/03/24 09:34:56
[NOTICE]CLIENT WRITED MOUVEAST 2023/03/24 09:34:56
[NOTICE]CLIENT WRITED MOUVEAST 2023/03/24 09:34:56
[NOTICE]CLIENT WRITED MOUVEAST 2023/03/24 09:34:56
[NOTICE]CLIENT WRITED MOUVEAST 2023/03/24 09:34:56
[NOTICE]CLIENT WRITED MOUVEAST 2023/03/24 09:34:56
[NOTICE]CLIENT WRITED MOUVEAST 2023/03/24 09:34:56
[NOTICE]CLIENT WRITED MOUVEAST 2023/03/24 09:34:57
[NOTICE]CLIENT WRITED MOUVEAST 2023/03/24 09:34:57
[NOTICE]CLIENT WRITED MOUVEAST 2023/03/24 09:34:57
[NOTICE]CLIENT WRITED MOUVEAST 2023/03/24 09:34:57
[NOTICE]CLIENT WRITED MOUVEAST 2023/03/24 09:34:57
[NOTICE]CLIENT WRITED MOUVEAST 2023/03/24 09:34:57
[NOTICE]CLIENT WRITED MOUVEAST 2023/03/24 09:34:57
[NOTICE]CLIENT WRITED MOUVEAST 2023/03/24 09:34:57
[NOTICE]CLIENT WRITED MOUVEAST 2023/03/24 09:34:58
[NOTICE]CLIENT WRITED MOUVEAST 2023/03/24 09:34:58
[NOTICE]CLIENT WRITED MOUVSOUTH 2023/03/24 09:34:58
[NOTICE]CLIENT WRITED MOUVSOUTH 2023/03/24 09:34:59
[NOTICE]CLIENT WRITED MOUVSOUTH 2023/03/24 09:34:59
[NOTICE]CLIENT WRITED MOUVSOUTH 2023/03/24 09:34:59
[NOTICE]CLIENT WRITED MOUVSOUTH 2023/03/24 09:34:59
[NOTICE]CLIENT WRITED MOUVSOUTH 2023/03/24 09:34:59
[NOTICE]CLIENT WRITED MOUVSOUTH 2023/03/24 09:34:59
[NOTICE]CLIENT WRITED MOUVSOUTH 2023/03/24 09:34:59
[NOTICE]CLIENT WRITED MOUVSOUTH 2023/03/24 09:34:59
[NOTICE]CLIENT WRITED MOUVSOUTH 2023/03/24 09:35:00
[NOTICE]CLIENT WRITED MOUVSOUTH 2023/03/24 09:35:00
[NOTICE]CLIENT WRITED MOUVSOUTH 2023/03/24 09:35:00
[NOTICE]CLIENT WRITED MOUVSOUTH 2023/03/24 09:35:00
[NOTICE]CLIENT WRITED MOUVEAST 2023/03/24 09:35:01
[NOTICE]CLIENT WRITED MOUVEAST 2023/03/24 09:35:01
[NOTICE]CLIENT WRITED MOUVSOUTH 2023/03/24 09:35:01
[NOTICE]CLIENT WRITED MOUVSOUTH 2023/03/24 09:35:01
[NOTICE]CLIENT WRITED MOUVSOUTH 2023/03/24 09:35:01
[NOTICE]CLIENT WRITED MOUVSOUTH 2023/03/24 09:35:02
[NOTICE]CLIENT WRITED MOUVSOUTH 2023/03/24 09:35:02
[NOTICE]CLIENT WRITED MOUVSOUTH 2023/03/24 09:35:02
[NOTICE]CLIENT WRITED MOUVSOUTH 2023/03/24 09:35:02
[NOTICE]CLIENT WRITED MOUVSOUTH 2023/03/24 09:35:02
[NOTICE]CLIENT WRITED MOUVSOUTH 2023/03/24 09:35:02
[NOTICE]CLIENT WRITED MOUVSOUTH 2023/03/24 09:35:02
[NOTICE]CLIENT WRITED MOUVWEST 2023/03/24 09:35:02
[NOTICE]CLIENT WRITED MOUVSOUTH 2023/03/24 09:35:03
[NOTICE]CLIENT WRITED MOUVSOUTH 2023/03/24 09:35:03
[NOTICE]CLIENT WRITED MOUVSOUTH 2023/03/24 09:35:03
[NOTICE]CLIENT WRITED MOUVSOUTH 2023/03/24 09:35:03
[NOTICE]CLIENT WRITED MOUVSOUTH 2023/03/24 09:35:04
[NOTICE]CLIENT WRITED MOUVSOUTH 2023/03/24 09:35:04
[NOTICE]CLIENT WRITED MOUVSOUTH 2023/03/24 09:35:04
[NOTICE]CLIENT WRITED MOUVSOUTH 2023/03/24 09:35:04
[NOTICE]CLIENT WRITED MOUVSOUTH 2023/03/24 09:35:04
[NOTICE]CLIENT WRITED MOUVSOUTH 2023/03/24 09:35:04
[NOTICE]CLIENT WRITED MOUVSOUTH 2023/03/24 09:35:04
[NOTICE]CLIENT WRITED MOUVSOUTH 2023/03/24 09:35:04
[NOTICE]CLIENT WRITED MOUVSOUTH 2023/03/24 09:35:05
[NOTICE]CLIENT WRITED MOUVSOUTH 2023/03/24 09:35:05
[NOTICE]CLIENT WRITED MOUVSOUTH 2023/03/24 09:35:05
[NOTICE]CLIENT WRITED MOUVSOUTH 2023/03/24 09:35:05
[NOTICE]CLIENT WRITED MOUVSOUTH 2023/03/24 09:35:05
[NOTICE]CLIENT WRITED MOUVSOUTH 2023/03/24 09:35:05
[NOTICE]CLIENT WRITED MOUVSOUTH 2023/03/24 09:35:05
[NOTICE]CLIENT WRITED MOUVSOUTH 2023/03/24 09:35:05
[NOTICE]CLIENT WRITED MOUVSOUTH 2023/03/24 09:35:05
[NOTICE]CLIENT WRITED DOOR 2023/03/24 09:35:07
[NOTICE]CLIENT WRITED 3 2023/03/24 09:35:07
[NOTICE]SERVER WRITEDjdr2dcore.Map@4e660845 2023/03/24 09:35:07
[NOTICE]SERVER WRITED[jdr2dcore.PNJ@70914500] 2023/03/24 09:35:07
[NOTICE]SERVER WRITED[] 2023/03/24 09:35:07
[NOTICE]SERVER WRITED[jdr2dcore.Coffre@22515d59, jdr2dcore.Coffre@236f3a7f, jdr2dcore.Coffre@1930f3b, jdr2dcore.Coffre@69348855, jdr2dcore.Coffre@2f857af9, jdr2dcore.Coffre@725cd962, jdr2dcore.Coffre@6896c123, jdr2dcore.Coffre@3e611a16, jdr2dcore.Coffre@61748ed1, jdr2dcore.Coffre@2702e5a0] 2023/03/24 09:35:07
[NOTICE]SERVER WRITED[jdr2dcore.Porte@33a586db, jdr2dcore.Porte@299c5b2d] 2023/03/24 09:35:07
[ERROR]Check ClientMainChannel 2023/03/24 09:37:39
[NOTICE]CLIENT WRITED CONNEXION 2023/03/24 09:37:40
[NOTICE]CLIENT WRITED PICKCHAR 2023/03/24 09:37:46
[NOTICE]CLIENT WRITED Naz 2023/03/24 09:37:46
[NOTICE]SERVER WRITEDjdr2dcore.Map@2905ee8e 2023/03/24 09:37:46
[NOTICE]SERVER WRITED[jdr2dcore.PNJ@70914500] 2023/03/24 09:37:46
[NOTICE]SERVER WRITED[] 2023/03/24 09:37:46
[NOTICE]SERVER WRITED[jdr2dcore.Coffre@22515d59, jdr2dcore.Coffre@236f3a7f, jdr2dcore.Coffre@1930f3b, jdr2dcore.Coffre@69348855, jdr2dcore.Coffre@2f857af9, jdr2dcore.Coffre@725cd962, jdr2dcore.Coffre@6896c123, jdr2dcore.Coffre@3e611a16, jdr2dcore.Coffre@61748ed1, jdr2dcore.Coffre@2702e5a0] 2023/03/24 09:37:46
[NOTICE]SERVER WRITED[jdr2dcore.Porte@33a586db, jdr2dcore.Porte@299c5b2d] 2023/03/24 09:37:46
[NOTICE]CLIENT WRITED MOUVEAST 2023/03/24 09:37:49
[NOTICE]CLIENT WRITED MOUVEAST 2023/03/24 09:37:49
[NOTICE]CLIENT WRITED MOUVNORD 2023/03/24 09:37:50
[NOTICE]CLIENT WRITED MOUVNORD 2023/03/24 09:37:50
[NOTICE]CLIENT WRITED MOUVNORD 2023/03/24 09:37:50
[NOTICE]CLIENT WRITED MOUVEAST 2023/03/24 09:37:50
[NOTICE]CLIENT WRITED MOUVEAST 2023/03/24 09:37:50
[NOTICE]CLIENT WRITED MOUVEAST 2023/03/24 09:37:51
[NOTICE]CLIENT WRITED MOUVNORD 2023/03/24 09:37:51
[NOTICE]CLIENT WRITED MOUVEAST 2023/03/24 09:37:51
[NOTICE]CLIENT WRITED MOUVEAST 2023/03/24 09:37:51
[NOTICE]CLIENT WRITED MOUVNORD 2023/03/24 09:37:51
[NOTICE]CLIENT WRITED MOUVNORD 2023/03/24 09:37:52
[NOTICE]CLIENT WRITED MOUVNORD 2023/03/24 09:37:52
[NOTICE]CLIENT WRITED MOUVNORD 2023/03/24 09:37:52
[NOTICE]CLIENT WRITED MOUVNORD 2023/03/24 09:37:52
[NOTICE]CLIENT WRITED MOUVNORD 2023/03/24 09:37:52
[NOTICE]CLIENT WRITED MOUVEAST 2023/03/24 09:37:53
[NOTICE]CLIENT WRITED MOUVNORD 2023/03/24 09:37:53
[NOTICE]CLIENT WRITED MOUVNORD 2023/03/24 09:37:53
[NOTICE]CLIENT WRITED MOUVNORD 2023/03/24 09:37:54
[NOTICE]CLIENT WRITED MOUVNORD 2023/03/24 09:37:54
[NOTICE]CLIENT WRITED MOUVNORD 2023/03/24 09:37:54
[NOTICE]CLIENT WRITED MOUVNORD 2023/03/24 09:37:54
[NOTICE]CLIENT WRITED MOUVNORD 2023/03/24 09:37:54
[NOTICE]CLIENT WRITED MOUVNORD 2023/03/24 09:37:54
[NOTICE]CLIENT WRITED MOUVNORD 2023/03/24 09:37:54
[NOTICE]CLIENT WRITED MOUVNORD 2023/03/24 09:37:54
[NOTICE]CLIENT WRITED MOUVNORD 2023/03/24 09:37:54
[NOTICE]CLIENT WRITED MOUVEAST 2023/03/24 09:37:55
[NOTICE]CLIENT WRITED MOUVEAST 2023/03/24 09:37:55
[NOTICE]CLIENT WRITED MOUVEAST 2023/03/24 09:37:55
[NOTICE]CLIENT WRITED MOUVEAST 2023/03/24 09:37:55
[NOTICE]CLIENT WRITED MOUVEAST 2023/03/24 09:37:56
[NOTICE]CLIENT WRITED MOUVEAST 2023/03/24 09:37:56
[NOTICE]CLIENT WRITED MOUVEAST 2023/03/24 09:37:56
[NOTICE]CLIENT WRITED MOUVNORD 2023/03/24 09:37:56
[NOTICE]CLIENT WRITED MOUVNORD 2023/03/24 09:37:57
[NOTICE]CLIENT WRITED MOUVNORD 2023/03/24 09:37:57
[NOTICE]CLIENT WRITED MOUVNORD 2023/03/24 09:37:57
[NOTICE]CLIENT WRITED MOUVNORD 2023/03/24 09:37:57
[NOTICE]CLIENT WRITED MOUVEAST 2023/03/24 09:37:57
[NOTICE]CLIENT WRITED MOUVEAST 2023/03/24 09:37:58
[NOTICE]CLIENT WRITED MOUVEAST 2023/03/24 09:37:58
[NOTICE]CLIENT WRITED MOUVEAST 2023/03/24 09:37:58
[NOTICE]CLIENT WRITED MOUVEAST 2023/03/24 09:37:58
[NOTICE]CLIENT WRITED MOUVEAST 2023/03/24 09:37:58
[NOTICE]CLIENT WRITED MOUVEAST 2023/03/24 09:37:58
[NOTICE]CLIENT WRITED MOUVEAST 2023/03/24 09:37:58
[NOTICE]CLIENT WRITED MOUVEAST 2023/03/24 09:37:58
[NOTICE]CLIENT WRITED MOUVEAST 2023/03/24 09:37:59
[NOTICE]CLIENT WRITED MOUVEAST 2023/03/24 09:37:59
[NOTICE]CLIENT WRITED MOUVEAST 2023/03/24 09:37:59
[NOTICE]CLIENT WRITED MOUVEAST 2023/03/24 09:37:59
[NOTICE]CLIENT WRITED MOUVEAST 2023/03/24 09:37:59
[NOTICE]CLIENT WRITED MOUVEAST 2023/03/24 09:37:59
[NOTICE]CLIENT WRITED MOUVEAST 2023/03/24 09:37:59
[NOTICE]CLIENT WRITED MOUVEAST 2023/03/24 09:37:59
[NOTICE]CLIENT WRITED MOUVNORD 2023/03/24 09:38:00
[NOTICE]CLIENT WRITED MOUVNORD 2023/03/24 09:38:00
[NOTICE]CLIENT WRITED MOUVNORD 2023/03/24 09:38:00
[NOTICE]CLIENT WRITED MOUVNORD 2023/03/24 09:38:00
[NOTICE]CLIENT WRITED MOUVNORD 2023/03/24 09:38:00
[NOTICE]CLIENT WRITED MOUVNORD 2023/03/24 09:38:01
[NOTICE]CLIENT WRITED MOUVNORD 2023/03/24 09:38:01
[NOTICE]CLIENT WRITED MOUVNORD 2023/03/24 09:38:01
[NOTICE]CLIENT WRITED MOUVNORD 2023/03/24 09:38:01
[NOTICE]CLIENT WRITED MOUVNORD 2023/03/24 09:38:01
[NOTICE]CLIENT WRITED MOUVNORD 2023/03/24 09:38:01
[NOTICE]CLIENT WRITED MOUVNORD 2023/03/24 09:38:01
[NOTICE]CLIENT WRITED MOUVEAST 2023/03/24 09:38:02
[NOTICE]CLIENT WRITED MOUVNORD 2023/03/24 09:38:02
[NOTICE]CLIENT WRITED MOUVWEST 2023/03/24 09:38:03
[NOTICE]CLIENT WRITED FIGTH 2023/03/24 09:38:03
[NOTICE]CLIENT WRITED 37 2023/03/24 09:38:03
[NOTICE]SERVER WRITEDfalse 2023/03/24 09:38:03
[NOTICE]SERVER WRITEDtrue 2023/03/24 09:38:03
[NOTICE]SERVER WRITEDNaz à infligé a Donatien 9 degats 2023/03/24 09:38:03
[NOTICE]SERVER WRITEDDonatien à infligé a Naz 1 degats 2023/03/24 09:38:03
[NOTICE]SERVER WRITEDtrue 2023/03/24 09:38:03
[NOTICE]SERVER WRITEDNaz à infligé a Donatien 9 degats 2023/03/24 09:38:03
[NOTICE]SERVER WRITEDDonatien à infligé a Naz 1 degats 2023/03/24 09:38:03
[NOTICE]SERVER WRITEDtrue 2023/03/24 09:38:03
[NOTICE]SERVER WRITEDNaz à infligé a Donatien 9 degats 2023/03/24 09:38:03
[NOTICE]SERVER WRITEDDonatien à infligé a Naz 1 degats 2023/03/24 09:38:03
[NOTICE]SERVER WRITEDtrue 2023/03/24 09:38:03
[NOTICE]SERVER WRITEDNaz à infligé a Donatien 9 degats 2023/03/24 09:38:03
[NOTICE]SERVER WRITEDDonatien à infligé a Naz 1 degats 2023/03/24 09:38:03
[NOTICE]SERVER WRITEDfalse 2023/03/24 09:38:03
[NOTICE]SERVER WRITED11 2023/03/24 09:38:03
[NOTICE]CLIENT WRITED MOUVSOUTH 2023/03/24 09:38:04
[NOTICE]CLIENT WRITED MOUVSOUTH 2023/03/24 09:38:06
[NOTICE]CLIENT WRITED MOUVEAST 2023/03/24 09:38:16
[NOTICE]CLIENT WRITED MOUVEAST 2023/03/24 09:38:16
[NOTICE]CLIENT WRITED MOUVSOUTH 2023/03/24 09:38:16
[NOTICE]CLIENT WRITED MOUVSOUTH 2023/03/24 09:38:17
[NOTICE]CLIENT WRITED MOUVWEST 2023/03/24 09:38:17
[NOTICE]CLIENT WRITED MOUVWEST 2023/03/24 09:38:18
[NOTICE]CLIENT WRITED MOUVWEST 2023/03/24 09:38:18
[NOTICE]CLIENT WRITED MOUVWEST 2023/03/24 09:38:18
[NOTICE]CLIENT WRITED MOUVWEST 2023/03/24 09:38:18
[NOTICE]CLIENT WRITED MOUVWEST 2023/03/24 09:38:18
[NOTICE]CLIENT WRITED MOUVWEST 2023/03/24 09:38:18
[NOTICE]CLIENT WRITED MOUVWEST 2023/03/24 09:38:18
[NOTICE]CLIENT WRITED MOUVWEST 2023/03/24 09:38:18
[NOTICE]CLIENT WRITED MOUVSOUTH 2023/03/24 09:38:19
[NOTICE]CLIENT WRITED MOUVSOUTH 2023/03/24 09:38:19
[NOTICE]CLIENT WRITED MOUVSOUTH 2023/03/24 09:38:19
[NOTICE]CLIENT WRITED MOUVSOUTH 2023/03/24 09:38:19
[NOTICE]CLIENT WRITED MOUVSOUTH 2023/03/24 09:38:20
[NOTICE]CLIENT WRITED MOUVWEST 2023/03/24 09:38:20
[NOTICE]CLIENT WRITED MOUVWEST 2023/03/24 09:38:20
[NOTICE]CLIENT WRITED MOUVWEST 2023/03/24 09:38:20
[NOTICE]CLIENT WRITED MOUVWEST 2023/03/24 09:38:21
[NOTICE]CLIENT WRITED MOUVWEST 2023/03/24 09:38:21
[NOTICE]CLIENT WRITED MOUVWEST 2023/03/24 09:38:21
[NOTICE]CLIENT WRITED MOUVWEST 2023/03/24 09:38:21
[NOTICE]CLIENT WRITED MOUVSOUTH 2023/03/24 09:38:21
[NOTICE]CLIENT WRITED MOUVSOUTH 2023/03/24 09:38:21
[NOTICE]CLIENT WRITED MOUVSOUTH 2023/03/24 09:38:22
[NOTICE]CLIENT WRITED MOUVWEST 2023/03/24 09:38:22
[NOTICE]CLIENT WRITED MOUVWEST 2023/03/24 09:38:22
[NOTICE]CLIENT WRITED MOUVWEST 2023/03/24 09:38:22
[NOTICE]CLIENT WRITED MOUVWEST 2023/03/24 09:38:23
[NOTICE]CLIENT WRITED MOUVSOUTH 2023/03/24 09:38:23
[ERROR]Check ClientMainChannel 2023/03/24 11:40:58
